<?xml version="1.0" encoding="UTF-8"?>
<!-- Generated by org.testng.reporters.JUnitReportReporter -->
<testsuite hostname="Kanwar07" failures="0" tests="3" name="MMTTest.MMT_test" time="97.144" errors="0" timestamp="2023-06-22T18:14:46 IST" skipped="0">
  <testcase classname="MMTTest.MMT_test" name="add_tour_package_test" time="65.934"/>
  <system-out/>
  <testcase classname="MMTTest.MMT_test" name="add_an_activity_test" time="24.595"/>
  <system-out/>
  <testcase classname="MMTTest.MMT_test" name="validate_hotel_change_activity_test" time="6.615"/>
  <system-out/>
</testsuite> <!-- MMTTest.MMT_test -->
