<?xml version="1.0" encoding="UTF-8"?>
<!-- Generated by org.testng.reporters.JUnitReportReporter -->
<testsuite hostname="Kanwar07" failures="0" tests="1" name="MMTTest.MMT_test" time="90.480" errors="0" timestamp="2023-06-22T16:42:20 IST" skipped="0">
  <testcase classname="MMTTest.MMT_test" name="test_1" time="90.480"/>
  <system-out/>
</testsuite> <!-- MMTTest.MMT_test -->
